<?xml version="1.0" encoding="UTF-8" ?>
<testsuite errors="0" failures="0" hostname="asus" name="com.evgeny.exercises.mytest.MyTestTest" tests="2" time="0.579" timestamp="2014-03-24T21:18:57">
  <properties>
[...]
</properties>
  <testcase classname="com.evgeny.exercises.mytest.MyTestTest" name="testConstructor" time="0.003" />
  <testcase classname="com.evgeny.exercises.mytest.MyTestTest" name="testMultiThreading" time="0.542" />
  <system-out><![CDATA[]]></system-out>
  <system-err><![CDATA[]]></system-err>
</testsuite>
